\BOOKMARK [0][-]{chapter.1}{\376\377\000P\000I\000O\000N\000\040\000N\000U\000C\000L\000E\000O\000N\000\040\000S\000C\000A\000T\000T\000E\000R\000I\000N\000G}{}% 1
\BOOKMARK [1][-]{section.1.1}{\376\377\000H\000i\000s\000t\000o\000r\000y\000\040\000o\000f\000\040\000P\000i\000o\000n\000\040\000N\000u\000c\000l\000e\000o\000n\000\040\000S\000c\000a\000t\000t\000e\000r\000i\000n\000g}{chapter.1}% 2
\BOOKMARK [1][-]{section.1.2}{\376\377\000I\000n\000t\000r\000o\000d\000u\000c\000t\000i\000o\000n\000\040\000t\000o\000\040\000Q\000C\000D}{chapter.1}% 3
\BOOKMARK [2][-]{subsection.1.2.1}{\376\377\000S\000y\000m\000m\000e\000t\000r\000i\000e\000s\000\040\000o\000f\000\040\000Q\000C\000D}{section.1.2}% 4
\BOOKMARK [2][-]{subsection.1.2.2}{\376\377\000A\000s\000y\000m\000p\000t\000o\000t\000i\000c\000\040\000F\000r\000e\000e\000d\000o\000m\000\040\000a\000n\000d\000\040\000C\000o\000n\000f\000i\000n\000e\000m\000e\000n\000t}{section.1.2}% 5
\BOOKMARK [2][-]{subsection.1.2.3}{\376\377\000E\000f\000f\000e\000c\000t\000i\000v\000e\000\040\000F\000i\000e\000l\000d\000\040\000T\000h\000e\000o\000r\000i\000e\000s}{section.1.2}% 6
\BOOKMARK [0][-]{chapter.2}{\376\377\000B\000C\000H\000P\000T\000\040\000C\000O\000M\000B\000I\000N\000E\000D\000\040\000W\000I\000T\000H\000\040\0001\000/\000N\000c\000\040\000E\000X\000P\000A\000N\000S\000I\000O\000N}{}% 7
\BOOKMARK [1][-]{section.2.1}{\376\377\000I\000n\000t\000r\000o\000d\000u\000c\000t\000i\000o\000n\000\040\000t\000o\000\040\000C\000h\000i\000r\000a\000l\000\040\000P\000e\000r\000t\000u\000r\000b\000a\000t\000i\000o\000n\000\040\000T\000h\000e\000o\000r\000y}{chapter.2}% 8
\BOOKMARK [2][-]{subsection.2.1.1}{\376\377\000C\000h\000i\000r\000a\000l\000\040\000S\000y\000m\000m\000e\000t\000r\000y\000\040\000b\000r\000e\000a\000k\000i\000n\000g}{section.2.1}% 9
\BOOKMARK [2][-]{subsection.2.1.2}{\376\377\000C\000h\000i\000r\000a\000l\000\040\000L\000a\000g\000r\000a\000n\000g\000i\000a\000n}{section.2.1}% 10
\BOOKMARK [1][-]{section.2.2}{\376\377\000I\000n\000t\000r\000o\000d\000u\000c\000t\000i\000o\000n\000\040\000t\000o\000\040\0001\000/\000N\000c\000\040\000E\000x\000p\000a\000n\000s\000i\000o\000n}{chapter.2}% 11
\BOOKMARK [1][-]{section.2.3}{\376\377\000B\000C\000h\000P\000T\000\040\000c\000o\000m\000b\000i\000n\000e\000d\000\040\000w\000i\000t\000h\000\040\0001\000/\000N\000c\000\040\000E\000x\000p\000a\000n\000s\000i\000o\000n}{chapter.2}% 12
\BOOKMARK [2][-]{subsection.2.3.1}{\376\377\000H\000i\000s\000t\000o\000r\000y\000\040\000o\000f\000\040\000B\000C\000h\000P\000T\000\040\000c\000o\000m\000b\000i\000n\000e\000d\000\040\000w\000i\000t\000h\000\040\0001\000/\000N\000c\000\040\000E\000x\000p\000a\000n\000s\000i\000o\000n}{section.2.3}% 13
\BOOKMARK [2][-]{subsection.2.3.2}{\376\377\000Z\000e\000t\000a\000\040\000E\000x\000p\000a\000n\000s\000i\000o\000n}{section.2.3}% 14
\BOOKMARK [2][-]{subsection.2.3.3}{\376\377\000F\000e\000y\000n\000m\000a\000n\000\040\000R\000u\000l\000e\000s}{section.2.3}% 15
\BOOKMARK [2][-]{subsection.2.3.4}{\376\377\000P\000r\000e\000v\000i\000o\000u\000s\000\040\000W\000o\000r\000k}{section.2.3}% 16
\BOOKMARK [0][-]{chapter.3}{\376\377\000P\000I\000O\000N\000\040\000N\000U\000C\000L\000E\000O\000N\000\040\000S\000C\000A\000T\000T\000E\000R\000I\000N\000G\000\040\000A\000M\000P\000L\000I\000T\000U\000D\000E}{}% 17
\BOOKMARK [1][-]{section.3.1}{\376\377\000P\000i\000o\000n\000\040\000N\000u\000c\000l\000e\000o\000n\000\040\000T\000\040\000m\000a\000t\000r\000i\000x\000\040\000C\000a\000l\000c\000u\000l\000a\000t\000i\000o\000n}{chapter.3}% 18
\BOOKMARK [2][-]{subsection.3.1.1}{\376\377\000C\000h\000i\000r\000a\000l\000\040\000S\000y\000m\000m\000e\000t\000r\000y\000\040\000b\000r\000e\000a\000k\000i\000n\000g}{section.3.1}% 19
\BOOKMARK [2][-]{subsection.3.1.2}{\376\377\000C\000h\000i\000r\000a\000l\000\040\000L\000a\000g\000r\000a\000n\000g\000i\000a\000n}{section.3.1}% 20
\BOOKMARK [0][-]{subsection.3.1.2}{\376\377\000R\000E\000F\000E\000R\000E\000N\000C\000E\000S}{}% 21
